0 verbose cli /usr/local/bin/node /usr/local/bin/npm
1 info using npm@10.5.0
2 info using node@v20.12.2
3 timing npm:load:whichnode Completed in 2ms
4 timing config:load:defaults Completed in 2ms
5 timing config:load:file:/usr/local/lib/node_modules/npm/npmrc Completed in 2ms
6 timing config:load:builtin Completed in 2ms
7 timing config:load:cli Completed in 2ms
8 timing config:load:env Completed in 0ms
9 timing config:load:project Completed in 3ms
10 timing config:load:file:/root/.npmrc Completed in 9ms
11 timing config:load:user Completed in 9ms
12 timing config:load:file:/usr/local/etc/npmrc Completed in 0ms
13 timing config:load:global Completed in 0ms
14 timing config:load:setEnvs Completed in 1ms
15 timing config:load Completed in 19ms
16 timing npm:load:configload Completed in 19ms
17 timing config:load:flatten Completed in 3ms
18 timing npm:load:mkdirpcache Completed in 3ms
19 timing npm:load:mkdirplogs Completed in 4ms
20 verbose title npm install
21 verbose argv "install"
22 timing npm:load:setTitle Completed in 1ms
23 timing npm:load:display Completed in 0ms
24 verbose logfile logs-max:10 dir:/root/.npm/_logs/2025-11-20T14_16_38_374Z-
25 verbose logfile /root/.npm/_logs/2025-11-20T14_16_38_374Z-debug-0.log
26 timing npm:load:logFile Completed in 22ms
27 timing npm:load:timers Completed in 0ms
28 timing npm:load:configScope Completed in 0ms
29 timing npm:load Completed in 70ms
30 timing arborist:ctor Completed in 1ms
31 silly logfile done cleaning log files
32 timing arborist:ctor Completed in 0ms
33 timing idealTree:init Completed in 28ms
34 timing idealTree:userRequests Completed in 0ms
35 silly idealTree buildDeps
36 silly fetch manifest @fastify/flash@^5.1.0
37 http fetch GET 200 https://registry.npmjs.org/@fastify%2fflash 1669ms (cache miss)
38 silly fetch manifest @fastify/formbody@^7.4.0
39 http fetch GET 200 https://registry.npmjs.org/@fastify%2fformbody 221ms (cache miss)
40 silly fetch manifest @fastify/secure-session@^7.5.1
41 http fetch GET 200 https://registry.npmjs.org/@fastify%2fsecure-session 1283ms (cache miss)
42 silly fetch manifest @fastify/sensible@^5.5.0
43 http fetch GET 200 https://registry.npmjs.org/@fastify%2fsensible 213ms (cache miss)
44 silly fetch manifest @fastify/static@^7.0.3
45 http fetch GET 200 https://registry.npmjs.org/@fastify%2fstatic 185ms (cache miss)
46 silly fetch manifest @fastify/view@^9.0.0
47 http fetch GET 200 https://registry.npmjs.org/@fastify%2fview 742ms (cache miss)
48 silly fetch manifest @rails/ujs@^7.1.3-2
49 http fetch GET 200 https://registry.npmjs.org/@rails%2fujs 312ms (cache miss)
50 silly fetch manifest @vscode/sqlite3@^5.1.2
51 http fetch GET 200 https://registry.npmjs.org/@vscode%2fsqlite3 1379ms (cache miss)
52 silly fetch manifest better-sqlite3@^12.4.1
53 http fetch GET 200 https://registry.npmjs.org/better-sqlite3 188ms (cache revalidated)
54 silly fetch manifest bootstrap@^5.3.3
55 http fetch GET 200 https://registry.npmjs.org/bootstrap 160ms (cache miss)
56 silly fetch manifest @popperjs/core@^2.11.8
57 http fetch GET 200 https://registry.npmjs.org/@popperjs%2fcore 190ms (cache miss)
58 silly fetch manifest concurrently@^8.2.2
59 http fetch GET 200 https://registry.npmjs.org/concurrently 159ms (cache miss)
60 silly fetch manifest fastify@^4.26.2
61 http fetch GET 200 https://registry.npmjs.org/fastify 277ms (cache miss)
62 silly fetch manifest fastify-cli@^6.1.1
63 http fetch GET 200 https://registry.npmjs.org/fastify-cli 157ms (cache miss)
64 silly fetch manifest fastify-error-page@^4.0.0
65 http fetch GET 200 https://registry.npmjs.org/fastify-error-page 810ms (cache miss)
66 silly fetch manifest fastify-method-override@^1.5.10
67 http fetch GET 200 https://registry.npmjs.org/fastify-method-override 774ms (cache miss)
68 silly fetch manifest fastify-objectionjs@^2.0.1
69 http fetch GET 200 https://registry.npmjs.org/fastify-objectionjs 776ms (cache miss)
70 silly fetch manifest better-sqlite3@^8.0.0
71 timing idealTree Completed in 9652ms
72 timing command:install Completed in 9666ms
73 verbose stack Error: unable to resolve dependency tree
73 verbose stack     at #failPeerConflict (/usr/local/lib/node_modules/npm/node_modules/@npmcli/arborist/lib/arborist/build-ideal-tree.js:1387:25)
73 verbose stack     at #loadPeerSet (/usr/local/lib/node_modules/npm/node_modules/@npmcli/arborist/lib/arborist/build-ideal-tree.js:1353:33)
73 verbose stack     at async #buildDepStep (/usr/local/lib/node_modules/npm/node_modules/@npmcli/arborist/lib/arborist/build-ideal-tree.js:924:11)
73 verbose stack     at async Arborist.buildIdealTree (/usr/local/lib/node_modules/npm/node_modules/@npmcli/arborist/lib/arborist/build-ideal-tree.js:203:7)
73 verbose stack     at async Promise.all (index 1)
73 verbose stack     at async Arborist.reify (/usr/local/lib/node_modules/npm/node_modules/@npmcli/arborist/lib/arborist/reify.js:154:5)
73 verbose stack     at async Install.exec (/usr/local/lib/node_modules/npm/lib/commands/install.js:153:5)
73 verbose stack     at async module.exports (/usr/local/lib/node_modules/npm/lib/cli-entry.js:61:5)
74 verbose cwd /root
75 verbose Linux 6.6.87.2-microsoft-standard-WSL2
76 verbose node v20.12.2
77 verbose npm  v10.5.0
78 error code ERESOLVE
79 error ERESOLVE unable to resolve dependency tree
80 error
81 error While resolving: [1mjavascript-fastify-blog[22m@[1m0.1.0[22m
81 error Found: [1mbetter-sqlite3[22m@[1m12.4.1[22m[2m[22m
81 error [2mnode_modules/better-sqlite3[22m
81 error   [1mbetter-sqlite3[22m@"[1m^12.4.1[22m" from the root project
81 error
81 error Could not resolve dependency:
81 error [35mpeer[39m [1mbetter-sqlite3[22m@"[1m^8.0.0[22m" from [1mfastify-objectionjs[22m@[1m2.0.1[22m[2m[22m
81 error [2mnode_modules/fastify-objectionjs[22m
81 error   [1mfastify-objectionjs[22m@"[1m^2.0.1[22m" from the root project
81 error
81 error Fix the upstream dependency conflict, or retry
81 error this command with --force or --legacy-peer-deps
81 error to accept an incorrect (and potentially broken) dependency resolution.
82 error
82 error
82 error For a full report see:
82 error /root/.npm/_logs/2025-11-20T14_16_38_374Z-eresolve-report.txt
83 verbose exit 1
84 timing npm Completed in 9960ms
85 verbose unfinished npm timer reify 1763648198658
86 verbose unfinished npm timer reify:loadTrees 1763648198663
87 verbose unfinished npm timer idealTree:buildDeps 1763648198694
88 verbose unfinished npm timer idealTree:#root 1763648198695
89 verbose code 1
90 error A complete log of this run can be found in: /root/.npm/_logs/2025-11-20T14_16_38_374Z-debug-0.log
