0 verbose cli /usr/local/bin/node /usr/local/bin/npm
1 info using npm@10.5.0
2 info using node@v20.12.2
3 timing npm:load:whichnode Completed in 1ms
4 timing config:load:defaults Completed in 2ms
5 timing config:load:file:/usr/local/lib/node_modules/npm/npmrc Completed in 2ms
6 timing config:load:builtin Completed in 3ms
7 timing config:load:cli Completed in 4ms
8 timing config:load:env Completed in 0ms
9 timing config:load:project Completed in 4ms
10 timing config:load:file:/root/.npmrc Completed in 14ms
11 timing config:load:user Completed in 14ms
12 timing config:load:file:/usr/local/etc/npmrc Completed in 0ms
13 timing config:load:global Completed in 0ms
14 timing config:load:setEnvs Completed in 0ms
15 timing config:load Completed in 31ms
16 timing npm:load:configload Completed in 32ms
17 timing config:load:flatten Completed in 2ms
18 timing npm:load:mkdirpcache Completed in 3ms
19 timing npm:load:mkdirplogs Completed in 3ms
20 verbose title npm install
21 verbose argv "install"
22 timing npm:load:setTitle Completed in 1ms
23 timing npm:load:display Completed in 1ms
24 verbose logfile logs-max:10 dir:/root/.npm/_logs/2025-11-20T12_29_22_112Z-
25 verbose logfile /root/.npm/_logs/2025-11-20T12_29_22_112Z-debug-0.log
26 timing npm:load:logFile Completed in 21ms
27 timing npm:load:timers Completed in 0ms
28 timing npm:load:configScope Completed in 0ms
29 timing npm:load Completed in 83ms
30 timing arborist:ctor Completed in 1ms
31 silly logfile done cleaning log files
32 timing idealTree:init Completed in 757ms
33 timing idealTree:userRequests Completed in 0ms
34 silly idealTree buildDeps
35 timing idealTree:#root Completed in 0ms
36 silly fetch manifest better-sqlite3@^8.0.0
37 http fetch GET 200 https://registry.npmjs.org/npm 1231ms
38 timing arborist:ctor Completed in 0ms
39 http fetch GET 200 https://registry.npmjs.org/better-sqlite3 1279ms (cache miss)
40 timing idealTree Completed in 2057ms
41 timing command:install Completed in 2135ms
42 notice
42 notice New [31mmajor[39m version of npm available! [31m10.5.0[39m -> [32m11.6.3[39m
42 notice Changelog: [36mhttps://github.com/npm/cli/releases/tag/v11.6.3[39m
42 notice Run [32mnpm install -g npm@11.6.3[39m to update!
42 notice
43 verbose stack Error: could not resolve
43 verbose stack     at PlaceDep.failPeerConflict (/usr/local/lib/node_modules/npm/node_modules/@npmcli/arborist/lib/place-dep.js:503:25)
43 verbose stack     at new PlaceDep (/usr/local/lib/node_modules/npm/node_modules/@npmcli/arborist/lib/place-dep.js:157:21)
43 verbose stack     at #buildDepStep (/usr/local/lib/node_modules/npm/node_modules/@npmcli/arborist/lib/arborist/build-ideal-tree.js:940:18)
43 verbose stack     at async Arborist.buildIdealTree (/usr/local/lib/node_modules/npm/node_modules/@npmcli/arborist/lib/arborist/build-ideal-tree.js:203:7)
43 verbose stack     at async Promise.all (index 1)
43 verbose stack     at async Arborist.reify (/usr/local/lib/node_modules/npm/node_modules/@npmcli/arborist/lib/arborist/reify.js:154:5)
43 verbose stack     at async Install.exec (/usr/local/lib/node_modules/npm/lib/commands/install.js:153:5)
43 verbose stack     at async module.exports (/usr/local/lib/node_modules/npm/lib/cli-entry.js:61:5)
44 verbose cwd /root
45 verbose Linux 6.6.87.2-microsoft-standard-WSL2
46 verbose node v20.12.2
47 verbose npm  v10.5.0
48 error code ERESOLVE
49 error ERESOLVE could not resolve
50 error
51 error While resolving: [1mfastify-objectionjs[22m@[1m2.0.1[22m
51 error Found: [1mbetter-sqlite3[22m@[1m12.4.1[22m[2m[22m
51 error [2mnode_modules/better-sqlite3[22m
51 error   [1mbetter-sqlite3[22m@"[1m^12.4.1[22m" from the root project
51 error
51 error Could not resolve dependency:
51 error [35mpeer[39m [1mbetter-sqlite3[22m@"[1m^8.0.0[22m" from [1mfastify-objectionjs[22m@[1m2.0.1[22m[2m[22m
51 error [2mnode_modules/fastify-objectionjs[22m
51 error   [1mfastify-objectionjs[22m@"[1m^2.0.1[22m" from the root project
51 error
51 error Conflicting peer dependency: [1mbetter-sqlite3[22m@[1m8.7.0[22m[2m[22m
51 error [2mnode_modules/better-sqlite3[22m
51 error   [35mpeer[39m [1mbetter-sqlite3[22m@"[1m^8.0.0[22m" from [1mfastify-objectionjs[22m@[1m2.0.1[22m[2m[22m
51 error   [2mnode_modules/fastify-objectionjs[22m
51 error     [1mfastify-objectionjs[22m@"[1m^2.0.1[22m" from the root project
51 error
51 error Fix the upstream dependency conflict, or retry
51 error this command with --force or --legacy-peer-deps
51 error to accept an incorrect (and potentially broken) dependency resolution.
52 error
52 error
52 error For a full report see:
52 error /root/.npm/_logs/2025-11-20T12_29_22_112Z-eresolve-report.txt
53 verbose exit 1
54 timing npm Completed in 2672ms
55 verbose unfinished npm timer reify 1763641762636
56 verbose unfinished npm timer reify:loadTrees 1763641762707
57 verbose unfinished npm timer idealTree:buildDeps 1763641763468
58 verbose unfinished npm timer idealTree:node_modules/fastify-objectionjs 1763641763470
59 verbose code 1
60 error A complete log of this run can be found in: /root/.npm/_logs/2025-11-20T12_29_22_112Z-debug-0.log
